<?xml version="1.0" encoding="UTF-8"?>
<testsuites name="Login Suite" time="11.265" tests="1" failures="0" errors="0">
   <testsuite name="Login Suite" tests="1" failures="0" errors="0" time="11.265" skipped="0" timestamp="25-01-2024T23:14:55" hostname="Welcome - lqmthu" id="Test Suites/Login Suite">
      <properties>
         <property name="deviceName" value=""/>
         <property name="devicePlatform" value=""/>
         <property name="logFolder" value="C:\\Users\\Welcome\\git\\WebActions\\Reports\\20240125_231447\\Login Suite\\20240125_231448"/>
         <property name="logFiles" value="C:\\Users\\Welcome\\git\\WebActions\\Reports\\20240125_231447\\Login Suite\\20240125_231448\\execution0.log"/>
         <property name="attachments" value=""/>
         <property name="hostName" value="Welcome - lqmthu"/>
         <property name="os" value="Windows 11 64bit"/>
         <property name="katalonVersion" value="9.1.0.212"/>
         <property name="browser" value="Chrome 120.0.0.0"/>
         <property name="hostAddress" value="192.168.1.13"/>
         <property name="sessionId" value="92330c6814548482744dd1a5067f4c9b"/>
         <property name="seleniumVersion" value="3.141.59"/>
         <property name="proxyInformation" value="ProxyInformation { proxyOption=NO_PROXY, proxyServerType=HTTP, username=, password=********, proxyServerAddress=, proxyServerPort=0, executionList=&quot;&quot;, isApplyToDesiredCapabilities=true }"/>
         <property name="platform" value="Windows 11"/>
      </properties>
      <testcase name="Test Cases/Login2" time="11.041" classname="Test Cases/Login2" status="PASSED">
         <system-out><![CDATA[25-01-2024T23:14:55 - [TEST_CASE][PASSED] - Test Cases/Login2: null

25-01-2024T23:14:55 - [TEST_STEP][PASSED] - openBrowser(""): Browser is opened with url: ''

25-01-2024T23:14:56 - [MESSAGE][INFO] - Starting 'Chrome' driver

25-01-2024T23:14:56 - [MESSAGE][INFO] - Action delay is set to 0 milliseconds

25-01-2024T23:14:58 - [MESSAGE][PASSED] - Browser is opened with url: ''

25-01-2024T23:14:58 - [TEST_STEP][PASSED] - navigateToUrl("https://katalon-demo-cura.herokuapp.com/"): Navigate to 'https://katalon-demo-cura.herokuapp.com/' successfully

25-01-2024T23:15:02 - [MESSAGE][PASSED] - Navigate to 'https://katalon-demo-cura.herokuapp.com/' successfully

25-01-2024T23:15:02 - [TEST_STEP][PASSED] - click(findTestObject("Object Repository/Page_CURA Healthcare Service/a_Make Appointment")): Object: 'Object Repository/Page_CURA Healthcare Service/a_Make Appointment' is clicked on

25-01-2024T23:15:04 - [MESSAGE][PASSED] - Object: 'Object Repository/Page_CURA Healthcare Service/a_Make Appointment' is clicked on

25-01-2024T23:15:04 - [TEST_STEP][PASSED] - setText(findTestObject("Object Repository/Page_CURA Healthcare Service/input_username"), "John Doe"): Text 'John Doe' is set on object 'Object Repository/Page_CURA Healthcare Service/input_username'

25-01-2024T23:15:04 - [MESSAGE][PASSED] - Text 'John Doe' is set on object 'Object Repository/Page_CURA Healthcare Service/input_username'

25-01-2024T23:15:04 - [TEST_STEP][PASSED] - setEncryptedText(findTestObject("Object Repository/Page_CURA Healthcare Service/input_password"), "tFXbD4+yyfY="): Text ****** has been set on object 'Object Repository/Page_CURA Healthcare Service/input_password'

25-01-2024T23:15:04 - [MESSAGE][PASSED] - Text ****** has been set on object 'Object Repository/Page_CURA Healthcare Service/input_password'

25-01-2024T23:15:04 - [TEST_STEP][PASSED] - click(findTestObject("Object Repository/Page_CURA Healthcare Service/button_Login")): Object: 'Object Repository/Page_CURA Healthcare Service/button_Login' is clicked on

25-01-2024T23:15:06 - [MESSAGE][PASSED] - Object: 'Object Repository/Page_CURA Healthcare Service/button_Login' is clicked on

25-01-2024T23:15:06 - [TEST_STEP][PASSED] - takeScreenshot(): null]]></system-out>
         <system-err><![CDATA[]]></system-err>
      </testcase>
      <system-out><![CDATA[25-01-2024T23:14:55 - [TEST_SUITE][PASSED] - Login Suite: null]]></system-out>
      <system-err><![CDATA[]]></system-err>
   </testsuite>
</testsuites>
